CRITICAL - 2022-11-07 05:09:57 --> Trying to access array offset on value of type null
in APPPATH\Controllers\Topico.php on line 24.
 1 APPPATH\Controllers\Topico.php(24): CodeIgniter\Debug\Exceptions->errorHandler(8, 'Trying to access array offset on value of type null', 'APPPATH\\Controllers\\Topico.php', 24, [...])
 2 SYSTEMPATH\CodeIgniter.php(927): App\Controllers\Topico->show('levels')
 3 SYSTEMPATH\CodeIgniter.php(482): CodeIgniter\CodeIgniter->runController(Object(App\Controllers\Topico))
 4 SYSTEMPATH\CodeIgniter.php(351): CodeIgniter\CodeIgniter->handleRequest(null, Object(Config\Cache), false)
 5 FCPATH\index.php(67): CodeIgniter\CodeIgniter->run()
CRITICAL - 2022-11-07 05:10:33 --> Trying to access array offset on value of type null
in APPPATH\Controllers\Topico.php on line 24.
 1 APPPATH\Controllers\Topico.php(24): CodeIgniter\Debug\Exceptions->errorHandler(8, 'Trying to access array offset on value of type null', 'APPPATH\\Controllers\\Topico.php', 24, [...])
 2 SYSTEMPATH\CodeIgniter.php(927): App\Controllers\Topico->show('levels')
 3 SYSTEMPATH\CodeIgniter.php(482): CodeIgniter\CodeIgniter->runController(Object(App\Controllers\Topico))
 4 SYSTEMPATH\CodeIgniter.php(351): CodeIgniter\CodeIgniter->handleRequest(null, Object(Config\Cache), false)
 5 FCPATH\index.php(67): CodeIgniter\CodeIgniter->run()
CRITICAL - 2022-11-07 05:12:08 --> Trying to access array offset on value of type null
in APPPATH\Controllers\Topico.php on line 24.
 1 APPPATH\Controllers\Topico.php(24): CodeIgniter\Debug\Exceptions->errorHandler(8, 'Trying to access array offset on value of type null', 'APPPATH\\Controllers\\Topico.php', 24, [...])
 2 SYSTEMPATH\CodeIgniter.php(927): App\Controllers\Topico->show('levels')
 3 SYSTEMPATH\CodeIgniter.php(482): CodeIgniter\CodeIgniter->runController(Object(App\Controllers\Topico))
 4 SYSTEMPATH\CodeIgniter.php(351): CodeIgniter\CodeIgniter->handleRequest(null, Object(Config\Cache), false)
 5 FCPATH\index.php(67): CodeIgniter\CodeIgniter->run()
CRITICAL - 2022-11-07 05:12:34 --> Trying to access array offset on value of type null
in APPPATH\Controllers\Topico.php on line 24.
 1 APPPATH\Controllers\Topico.php(24): CodeIgniter\Debug\Exceptions->errorHandler(8, 'Trying to access array offset on value of type null', 'APPPATH\\Controllers\\Topico.php', 24, [...])
 2 SYSTEMPATH\CodeIgniter.php(927): App\Controllers\Topico->show('levels')
 3 SYSTEMPATH\CodeIgniter.php(482): CodeIgniter\CodeIgniter->runController(Object(App\Controllers\Topico))
 4 SYSTEMPATH\CodeIgniter.php(351): CodeIgniter\CodeIgniter->handleRequest(null, Object(Config\Cache), false)
 5 FCPATH\index.php(67): CodeIgniter\CodeIgniter->run()
CRITICAL - 2022-11-07 05:18:32 --> Trying to access array offset on value of type null
in APPPATH\Controllers\Topico.php on line 24.
 1 APPPATH\Controllers\Topico.php(24): CodeIgniter\Debug\Exceptions->errorHandler(8, 'Trying to access array offset on value of type null', 'APPPATH\\Controllers\\Topico.php', 24, [...])
 2 SYSTEMPATH\CodeIgniter.php(927): App\Controllers\Topico->show('levels')
 3 SYSTEMPATH\CodeIgniter.php(482): CodeIgniter\CodeIgniter->runController(Object(App\Controllers\Topico))
 4 SYSTEMPATH\CodeIgniter.php(351): CodeIgniter\CodeIgniter->handleRequest(null, Object(Config\Cache), false)
 5 FCPATH\index.php(67): CodeIgniter\CodeIgniter->run()
CRITICAL - 2022-11-07 05:19:03 --> Trying to access array offset on value of type null
in APPPATH\Controllers\Topico.php on line 24.
 1 APPPATH\Controllers\Topico.php(24): CodeIgniter\Debug\Exceptions->errorHandler(8, 'Trying to access array offset on value of type null', 'APPPATH\\Controllers\\Topico.php', 24, [...])
 2 SYSTEMPATH\CodeIgniter.php(927): App\Controllers\Topico->show('levels')
 3 SYSTEMPATH\CodeIgniter.php(482): CodeIgniter\CodeIgniter->runController(Object(App\Controllers\Topico))
 4 SYSTEMPATH\CodeIgniter.php(351): CodeIgniter\CodeIgniter->handleRequest(null, Object(Config\Cache), false)
 5 FCPATH\index.php(67): CodeIgniter\CodeIgniter->run()
CRITICAL - 2022-11-07 05:19:51 --> Trying to access array offset on value of type null
in APPPATH\Controllers\Topico.php on line 24.
 1 APPPATH\Controllers\Topico.php(24): CodeIgniter\Debug\Exceptions->errorHandler(8, 'Trying to access array offset on value of type null', 'APPPATH\\Controllers\\Topico.php', 24, [...])
 2 SYSTEMPATH\CodeIgniter.php(927): App\Controllers\Topico->show('levels')
 3 SYSTEMPATH\CodeIgniter.php(482): CodeIgniter\CodeIgniter->runController(Object(App\Controllers\Topico))
 4 SYSTEMPATH\CodeIgniter.php(351): CodeIgniter\CodeIgniter->handleRequest(null, Object(Config\Cache), false)
 5 FCPATH\index.php(67): CodeIgniter\CodeIgniter->run()
CRITICAL - 2022-11-07 05:20:40 --> Trying to access array offset on value of type null
in APPPATH\Controllers\Topico.php on line 24.
 1 APPPATH\Controllers\Topico.php(24): CodeIgniter\Debug\Exceptions->errorHandler(8, 'Trying to access array offset on value of type null', 'APPPATH\\Controllers\\Topico.php', 24, [...])
 2 SYSTEMPATH\CodeIgniter.php(927): App\Controllers\Topico->show('levels')
 3 SYSTEMPATH\CodeIgniter.php(482): CodeIgniter\CodeIgniter->runController(Object(App\Controllers\Topico))
 4 SYSTEMPATH\CodeIgniter.php(351): CodeIgniter\CodeIgniter->handleRequest(null, Object(Config\Cache), false)
 5 FCPATH\index.php(67): CodeIgniter\CodeIgniter->run()
CRITICAL - 2022-11-07 05:20:56 --> Trying to access array offset on value of type null
in APPPATH\Controllers\Topico.php on line 24.
 1 APPPATH\Controllers\Topico.php(24): CodeIgniter\Debug\Exceptions->errorHandler(8, 'Trying to access array offset on value of type null', 'APPPATH\\Controllers\\Topico.php', 24, [...])
 2 SYSTEMPATH\CodeIgniter.php(927): App\Controllers\Topico->show('levels')
 3 SYSTEMPATH\CodeIgniter.php(482): CodeIgniter\CodeIgniter->runController(Object(App\Controllers\Topico))
 4 SYSTEMPATH\CodeIgniter.php(351): CodeIgniter\CodeIgniter->handleRequest(null, Object(Config\Cache), false)
 5 FCPATH\index.php(67): CodeIgniter\CodeIgniter->run()
CRITICAL - 2022-11-07 05:20:57 --> Trying to access array offset on value of type null
in APPPATH\Controllers\Topico.php on line 24.
 1 APPPATH\Controllers\Topico.php(24): CodeIgniter\Debug\Exceptions->errorHandler(8, 'Trying to access array offset on value of type null', 'APPPATH\\Controllers\\Topico.php', 24, [...])
 2 SYSTEMPATH\CodeIgniter.php(927): App\Controllers\Topico->show('levels')
 3 SYSTEMPATH\CodeIgniter.php(482): CodeIgniter\CodeIgniter->runController(Object(App\Controllers\Topico))
 4 SYSTEMPATH\CodeIgniter.php(351): CodeIgniter\CodeIgniter->handleRequest(null, Object(Config\Cache), false)
 5 FCPATH\index.php(67): CodeIgniter\CodeIgniter->run()
CRITICAL - 2022-11-07 05:22:04 --> Trying to access array offset on value of type null
in APPPATH\Controllers\Topico.php on line 24.
 1 APPPATH\Controllers\Topico.php(24): CodeIgniter\Debug\Exceptions->errorHandler(8, 'Trying to access array offset on value of type null', 'APPPATH\\Controllers\\Topico.php', 24, [...])
 2 SYSTEMPATH\CodeIgniter.php(927): App\Controllers\Topico->show('levels')
 3 SYSTEMPATH\CodeIgniter.php(482): CodeIgniter\CodeIgniter->runController(Object(App\Controllers\Topico))
 4 SYSTEMPATH\CodeIgniter.php(351): CodeIgniter\CodeIgniter->handleRequest(null, Object(Config\Cache), false)
 5 FCPATH\index.php(67): CodeIgniter\CodeIgniter->run()
CRITICAL - 2022-11-07 05:22:05 --> Trying to access array offset on value of type null
in APPPATH\Controllers\Topico.php on line 24.
 1 APPPATH\Controllers\Topico.php(24): CodeIgniter\Debug\Exceptions->errorHandler(8, 'Trying to access array offset on value of type null', 'APPPATH\\Controllers\\Topico.php', 24, [...])
 2 SYSTEMPATH\CodeIgniter.php(927): App\Controllers\Topico->show('levels')
 3 SYSTEMPATH\CodeIgniter.php(482): CodeIgniter\CodeIgniter->runController(Object(App\Controllers\Topico))
 4 SYSTEMPATH\CodeIgniter.php(351): CodeIgniter\CodeIgniter->handleRequest(null, Object(Config\Cache), false)
 5 FCPATH\index.php(67): CodeIgniter\CodeIgniter->run()
CRITICAL - 2022-11-07 05:22:05 --> Trying to access array offset on value of type null
in APPPATH\Controllers\Topico.php on line 24.
 1 APPPATH\Controllers\Topico.php(24): CodeIgniter\Debug\Exceptions->errorHandler(8, 'Trying to access array offset on value of type null', 'APPPATH\\Controllers\\Topico.php', 24, [...])
 2 SYSTEMPATH\CodeIgniter.php(927): App\Controllers\Topico->show('levels')
 3 SYSTEMPATH\CodeIgniter.php(482): CodeIgniter\CodeIgniter->runController(Object(App\Controllers\Topico))
 4 SYSTEMPATH\CodeIgniter.php(351): CodeIgniter\CodeIgniter->handleRequest(null, Object(Config\Cache), false)
 5 FCPATH\index.php(67): CodeIgniter\CodeIgniter->run()
CRITICAL - 2022-11-07 05:22:05 --> Trying to access array offset on value of type null
in APPPATH\Controllers\Topico.php on line 24.
 1 APPPATH\Controllers\Topico.php(24): CodeIgniter\Debug\Exceptions->errorHandler(8, 'Trying to access array offset on value of type null', 'APPPATH\\Controllers\\Topico.php', 24, [...])
 2 SYSTEMPATH\CodeIgniter.php(927): App\Controllers\Topico->show('levels')
 3 SYSTEMPATH\CodeIgniter.php(482): CodeIgniter\CodeIgniter->runController(Object(App\Controllers\Topico))
 4 SYSTEMPATH\CodeIgniter.php(351): CodeIgniter\CodeIgniter->handleRequest(null, Object(Config\Cache), false)
 5 FCPATH\index.php(67): CodeIgniter\CodeIgniter->run()
CRITICAL - 2022-11-07 05:22:06 --> Trying to access array offset on value of type null
in APPPATH\Controllers\Topico.php on line 24.
 1 APPPATH\Controllers\Topico.php(24): CodeIgniter\Debug\Exceptions->errorHandler(8, 'Trying to access array offset on value of type null', 'APPPATH\\Controllers\\Topico.php', 24, [...])
 2 SYSTEMPATH\CodeIgniter.php(927): App\Controllers\Topico->show('levels')
 3 SYSTEMPATH\CodeIgniter.php(482): CodeIgniter\CodeIgniter->runController(Object(App\Controllers\Topico))
 4 SYSTEMPATH\CodeIgniter.php(351): CodeIgniter\CodeIgniter->handleRequest(null, Object(Config\Cache), false)
 5 FCPATH\index.php(67): CodeIgniter\CodeIgniter->run()
CRITICAL - 2022-11-07 05:22:12 --> Trying to access array offset on value of type null
in APPPATH\Controllers\Topico.php on line 24.
 1 APPPATH\Controllers\Topico.php(24): CodeIgniter\Debug\Exceptions->errorHandler(8, 'Trying to access array offset on value of type null', 'APPPATH\\Controllers\\Topico.php', 24, [...])
 2 SYSTEMPATH\CodeIgniter.php(927): App\Controllers\Topico->show('levels')
 3 SYSTEMPATH\CodeIgniter.php(482): CodeIgniter\CodeIgniter->runController(Object(App\Controllers\Topico))
 4 SYSTEMPATH\CodeIgniter.php(351): CodeIgniter\CodeIgniter->handleRequest(null, Object(Config\Cache), false)
 5 FCPATH\index.php(67): CodeIgniter\CodeIgniter->run()
CRITICAL - 2022-11-07 05:23:07 --> Trying to access array offset on value of type null
in APPPATH\Controllers\Topico.php on line 24.
 1 APPPATH\Controllers\Topico.php(24): CodeIgniter\Debug\Exceptions->errorHandler(8, 'Trying to access array offset on value of type null', 'APPPATH\\Controllers\\Topico.php', 24, [...])
 2 SYSTEMPATH\CodeIgniter.php(927): App\Controllers\Topico->show('levels')
 3 SYSTEMPATH\CodeIgniter.php(482): CodeIgniter\CodeIgniter->runController(Object(App\Controllers\Topico))
 4 SYSTEMPATH\CodeIgniter.php(351): CodeIgniter\CodeIgniter->handleRequest(null, Object(Config\Cache), false)
 5 FCPATH\index.php(67): CodeIgniter\CodeIgniter->run()
CRITICAL - 2022-11-07 05:23:40 --> Trying to access array offset on value of type null
in APPPATH\Controllers\Topico.php on line 24.
 1 APPPATH\Controllers\Topico.php(24): CodeIgniter\Debug\Exceptions->errorHandler(8, 'Trying to access array offset on value of type null', 'APPPATH\\Controllers\\Topico.php', 24, [...])
 2 SYSTEMPATH\CodeIgniter.php(927): App\Controllers\Topico->show('levels')
 3 SYSTEMPATH\CodeIgniter.php(482): CodeIgniter\CodeIgniter->runController(Object(App\Controllers\Topico))
 4 SYSTEMPATH\CodeIgniter.php(351): CodeIgniter\CodeIgniter->handleRequest(null, Object(Config\Cache), false)
 5 FCPATH\index.php(67): CodeIgniter\CodeIgniter->run()
CRITICAL - 2022-11-07 05:23:57 --> Trying to access array offset on value of type null
in APPPATH\Controllers\Topico.php on line 24.
 1 APPPATH\Controllers\Topico.php(24): CodeIgniter\Debug\Exceptions->errorHandler(8, 'Trying to access array offset on value of type null', 'APPPATH\\Controllers\\Topico.php', 24, [...])
 2 SYSTEMPATH\CodeIgniter.php(927): App\Controllers\Topico->show('levels')
 3 SYSTEMPATH\CodeIgniter.php(482): CodeIgniter\CodeIgniter->runController(Object(App\Controllers\Topico))
 4 SYSTEMPATH\CodeIgniter.php(351): CodeIgniter\CodeIgniter->handleRequest(null, Object(Config\Cache), false)
 5 FCPATH\index.php(67): CodeIgniter\CodeIgniter->run()
CRITICAL - 2022-11-07 05:23:58 --> Trying to access array offset on value of type null
in APPPATH\Controllers\Topico.php on line 24.
 1 APPPATH\Controllers\Topico.php(24): CodeIgniter\Debug\Exceptions->errorHandler(8, 'Trying to access array offset on value of type null', 'APPPATH\\Controllers\\Topico.php', 24, [...])
 2 SYSTEMPATH\CodeIgniter.php(927): App\Controllers\Topico->show('levels')
 3 SYSTEMPATH\CodeIgniter.php(482): CodeIgniter\CodeIgniter->runController(Object(App\Controllers\Topico))
 4 SYSTEMPATH\CodeIgniter.php(351): CodeIgniter\CodeIgniter->handleRequest(null, Object(Config\Cache), false)
 5 FCPATH\index.php(67): CodeIgniter\CodeIgniter->run()
CRITICAL - 2022-11-07 05:24:19 --> Trying to access array offset on value of type null
in APPPATH\Controllers\Topico.php on line 24.
 1 APPPATH\Controllers\Topico.php(24): CodeIgniter\Debug\Exceptions->errorHandler(8, 'Trying to access array offset on value of type null', 'APPPATH\\Controllers\\Topico.php', 24, [...])
 2 SYSTEMPATH\CodeIgniter.php(927): App\Controllers\Topico->show('levels')
 3 SYSTEMPATH\CodeIgniter.php(482): CodeIgniter\CodeIgniter->runController(Object(App\Controllers\Topico))
 4 SYSTEMPATH\CodeIgniter.php(351): CodeIgniter\CodeIgniter->handleRequest(null, Object(Config\Cache), false)
 5 FCPATH\index.php(67): CodeIgniter\CodeIgniter->run()
CRITICAL - 2022-11-07 05:24:20 --> Trying to access array offset on value of type null
in APPPATH\Controllers\Topico.php on line 24.
 1 APPPATH\Controllers\Topico.php(24): CodeIgniter\Debug\Exceptions->errorHandler(8, 'Trying to access array offset on value of type null', 'APPPATH\\Controllers\\Topico.php', 24, [...])
 2 SYSTEMPATH\CodeIgniter.php(927): App\Controllers\Topico->show('levels')
 3 SYSTEMPATH\CodeIgniter.php(482): CodeIgniter\CodeIgniter->runController(Object(App\Controllers\Topico))
 4 SYSTEMPATH\CodeIgniter.php(351): CodeIgniter\CodeIgniter->handleRequest(null, Object(Config\Cache), false)
 5 FCPATH\index.php(67): CodeIgniter\CodeIgniter->run()
CRITICAL - 2022-11-07 05:24:21 --> Trying to access array offset on value of type null
in APPPATH\Controllers\Topico.php on line 24.
 1 APPPATH\Controllers\Topico.php(24): CodeIgniter\Debug\Exceptions->errorHandler(8, 'Trying to access array offset on value of type null', 'APPPATH\\Controllers\\Topico.php', 24, [...])
 2 SYSTEMPATH\CodeIgniter.php(927): App\Controllers\Topico->show('levels')
 3 SYSTEMPATH\CodeIgniter.php(482): CodeIgniter\CodeIgniter->runController(Object(App\Controllers\Topico))
 4 SYSTEMPATH\CodeIgniter.php(351): CodeIgniter\CodeIgniter->handleRequest(null, Object(Config\Cache), false)
 5 FCPATH\index.php(67): CodeIgniter\CodeIgniter->run()
CRITICAL - 2022-11-07 05:24:39 --> Trying to access array offset on value of type null
in APPPATH\Controllers\Topico.php on line 29.
 1 APPPATH\Controllers\Topico.php(29): CodeIgniter\Debug\Exceptions->errorHandler(8, 'Trying to access array offset on value of type null', 'APPPATH\\Controllers\\Topico.php', 29, [...])
 2 SYSTEMPATH\CodeIgniter.php(927): App\Controllers\Topico->show('levels')
 3 SYSTEMPATH\CodeIgniter.php(482): CodeIgniter\CodeIgniter->runController(Object(App\Controllers\Topico))
 4 SYSTEMPATH\CodeIgniter.php(351): CodeIgniter\CodeIgniter->handleRequest(null, Object(Config\Cache), false)
 5 FCPATH\index.php(67): CodeIgniter\CodeIgniter->run()
CRITICAL - 2022-11-07 05:24:40 --> Trying to access array offset on value of type null
in APPPATH\Controllers\Topico.php on line 29.
 1 APPPATH\Controllers\Topico.php(29): CodeIgniter\Debug\Exceptions->errorHandler(8, 'Trying to access array offset on value of type null', 'APPPATH\\Controllers\\Topico.php', 29, [...])
 2 SYSTEMPATH\CodeIgniter.php(927): App\Controllers\Topico->show('levels')
 3 SYSTEMPATH\CodeIgniter.php(482): CodeIgniter\CodeIgniter->runController(Object(App\Controllers\Topico))
 4 SYSTEMPATH\CodeIgniter.php(351): CodeIgniter\CodeIgniter->handleRequest(null, Object(Config\Cache), false)
 5 FCPATH\index.php(67): CodeIgniter\CodeIgniter->run()
CRITICAL - 2022-11-07 06:58:51 --> Trying to access array offset on value of type null
in APPPATH\Controllers\Actividad.php on line 32.
 1 APPPATH\Controllers\Actividad.php(32): CodeIgniter\Debug\Exceptions->errorHandler(8, 'Trying to access array offset on value of type null', 'APPPATH\\Controllers\\Actividad.php', 32, [...])
 2 SYSTEMPATH\CodeIgniter.php(927): App\Controllers\Actividad->show('bytopic', '1')
 3 SYSTEMPATH\CodeIgniter.php(482): CodeIgniter\CodeIgniter->runController(Object(App\Controllers\Actividad))
 4 SYSTEMPATH\CodeIgniter.php(351): CodeIgniter\CodeIgniter->handleRequest(null, Object(Config\Cache), false)
 5 FCPATH\index.php(67): CodeIgniter\CodeIgniter->run()
