CRITICAL - 2022-11-06 16:21:08 --> Call to a member function findAll() on null
in APPPATH\Controllers\Actividad.php on line 15.
 1 SYSTEMPATH\CodeIgniter.php(927): App\Controllers\Actividad->index()
 2 SYSTEMPATH\CodeIgniter.php(482): CodeIgniter\CodeIgniter->runController(Object(App\Controllers\Actividad))
 3 SYSTEMPATH\CodeIgniter.php(351): CodeIgniter\CodeIgniter->handleRequest(null, Object(Config\Cache), false)
 4 FCPATH\index.php(67): CodeIgniter\CodeIgniter->run()
CRITICAL - 2022-11-06 16:22:41 --> Call to a member function findAll() on null
in APPPATH\Controllers\Actividad.php on line 15.
 1 SYSTEMPATH\CodeIgniter.php(927): App\Controllers\Actividad->index()
 2 SYSTEMPATH\CodeIgniter.php(482): CodeIgniter\CodeIgniter->runController(Object(App\Controllers\Actividad))
 3 SYSTEMPATH\CodeIgniter.php(351): CodeIgniter\CodeIgniter->handleRequest(null, Object(Config\Cache), false)
 4 FCPATH\index.php(67): CodeIgniter\CodeIgniter->run()
CRITICAL - 2022-11-06 16:23:25 --> Call to a member function findAll() on null
in APPPATH\Controllers\Actividad.php on line 15.
 1 SYSTEMPATH\CodeIgniter.php(927): App\Controllers\Actividad->index()
 2 SYSTEMPATH\CodeIgniter.php(482): CodeIgniter\CodeIgniter->runController(Object(App\Controllers\Actividad))
 3 SYSTEMPATH\CodeIgniter.php(351): CodeIgniter\CodeIgniter->handleRequest(null, Object(Config\Cache), false)
 4 FCPATH\index.php(67): CodeIgniter\CodeIgniter->run()
CRITICAL - 2022-11-06 16:23:26 --> Call to a member function findAll() on null
in APPPATH\Controllers\Actividad.php on line 15.
 1 SYSTEMPATH\CodeIgniter.php(927): App\Controllers\Actividad->index()
 2 SYSTEMPATH\CodeIgniter.php(482): CodeIgniter\CodeIgniter->runController(Object(App\Controllers\Actividad))
 3 SYSTEMPATH\CodeIgniter.php(351): CodeIgniter\CodeIgniter->handleRequest(null, Object(Config\Cache), false)
 4 FCPATH\index.php(67): CodeIgniter\CodeIgniter->run()
CRITICAL - 2022-11-06 16:23:28 --> Call to a member function findAll() on null
in APPPATH\Controllers\Actividad.php on line 15.
 1 SYSTEMPATH\CodeIgniter.php(927): App\Controllers\Actividad->index()
 2 SYSTEMPATH\CodeIgniter.php(482): CodeIgniter\CodeIgniter->runController(Object(App\Controllers\Actividad))
 3 SYSTEMPATH\CodeIgniter.php(351): CodeIgniter\CodeIgniter->handleRequest(null, Object(Config\Cache), false)
 4 FCPATH\index.php(67): CodeIgniter\CodeIgniter->run()
CRITICAL - 2022-11-06 16:24:36 --> Call to a member function findAll() on null
in APPPATH\Controllers\Actividad.php on line 15.
 1 SYSTEMPATH\CodeIgniter.php(927): App\Controllers\Actividad->index()
 2 SYSTEMPATH\CodeIgniter.php(482): CodeIgniter\CodeIgniter->runController(Object(App\Controllers\Actividad))
 3 SYSTEMPATH\CodeIgniter.php(351): CodeIgniter\CodeIgniter->handleRequest(null, Object(Config\Cache), false)
 4 FCPATH\index.php(67): CodeIgniter\CodeIgniter->run()
CRITICAL - 2022-11-06 16:24:37 --> Call to a member function findAll() on null
in APPPATH\Controllers\Actividad.php on line 15.
 1 SYSTEMPATH\CodeIgniter.php(927): App\Controllers\Actividad->index()
 2 SYSTEMPATH\CodeIgniter.php(482): CodeIgniter\CodeIgniter->runController(Object(App\Controllers\Actividad))
 3 SYSTEMPATH\CodeIgniter.php(351): CodeIgniter\CodeIgniter->handleRequest(null, Object(Config\Cache), false)
 4 FCPATH\index.php(67): CodeIgniter\CodeIgniter->run()
CRITICAL - 2022-11-06 16:27:08 --> Call to a member function findAll() on null
in APPPATH\Controllers\Actividad.php on line 15.
 1 SYSTEMPATH\CodeIgniter.php(927): App\Controllers\Actividad->index()
 2 SYSTEMPATH\CodeIgniter.php(482): CodeIgniter\CodeIgniter->runController(Object(App\Controllers\Actividad))
 3 SYSTEMPATH\CodeIgniter.php(351): CodeIgniter\CodeIgniter->handleRequest(null, Object(Config\Cache), false)
 4 FCPATH\index.php(67): CodeIgniter\CodeIgniter->run()
CRITICAL - 2022-11-06 16:27:09 --> Call to a member function findAll() on null
in APPPATH\Controllers\Actividad.php on line 15.
 1 SYSTEMPATH\CodeIgniter.php(927): App\Controllers\Actividad->index()
 2 SYSTEMPATH\CodeIgniter.php(482): CodeIgniter\CodeIgniter->runController(Object(App\Controllers\Actividad))
 3 SYSTEMPATH\CodeIgniter.php(351): CodeIgniter\CodeIgniter->handleRequest(null, Object(Config\Cache), false)
 4 FCPATH\index.php(67): CodeIgniter\CodeIgniter->run()
CRITICAL - 2022-11-06 16:27:10 --> Call to a member function findAll() on null
in APPPATH\Controllers\Actividad.php on line 15.
 1 SYSTEMPATH\CodeIgniter.php(927): App\Controllers\Actividad->index()
 2 SYSTEMPATH\CodeIgniter.php(482): CodeIgniter\CodeIgniter->runController(Object(App\Controllers\Actividad))
 3 SYSTEMPATH\CodeIgniter.php(351): CodeIgniter\CodeIgniter->handleRequest(null, Object(Config\Cache), false)
 4 FCPATH\index.php(67): CodeIgniter\CodeIgniter->run()
CRITICAL - 2022-11-06 16:30:06 --> Call to a member function findAll() on null
in APPPATH\Controllers\Actividad.php on line 13.
 1 SYSTEMPATH\CodeIgniter.php(927): App\Controllers\Actividad->index()
 2 SYSTEMPATH\CodeIgniter.php(482): CodeIgniter\CodeIgniter->runController(Object(App\Controllers\Actividad))
 3 SYSTEMPATH\CodeIgniter.php(351): CodeIgniter\CodeIgniter->handleRequest(null, Object(Config\Cache), false)
 4 FCPATH\index.php(67): CodeIgniter\CodeIgniter->run()
CRITICAL - 2022-11-06 16:30:49 --> Call to a member function findAll() on null
in APPPATH\Controllers\Actividad.php on line 13.
 1 SYSTEMPATH\CodeIgniter.php(927): App\Controllers\Actividad->index()
 2 SYSTEMPATH\CodeIgniter.php(482): CodeIgniter\CodeIgniter->runController(Object(App\Controllers\Actividad))
 3 SYSTEMPATH\CodeIgniter.php(351): CodeIgniter\CodeIgniter->handleRequest(null, Object(Config\Cache), false)
 4 FCPATH\index.php(67): CodeIgniter\CodeIgniter->run()
CRITICAL - 2022-11-06 16:30:50 --> Call to a member function findAll() on null
in APPPATH\Controllers\Actividad.php on line 13.
 1 SYSTEMPATH\CodeIgniter.php(927): App\Controllers\Actividad->index()
 2 SYSTEMPATH\CodeIgniter.php(482): CodeIgniter\CodeIgniter->runController(Object(App\Controllers\Actividad))
 3 SYSTEMPATH\CodeIgniter.php(351): CodeIgniter\CodeIgniter->handleRequest(null, Object(Config\Cache), false)
 4 FCPATH\index.php(67): CodeIgniter\CodeIgniter->run()
CRITICAL - 2022-11-06 16:31:48 --> Call to a member function findAll() on null
in APPPATH\Controllers\Actividad.php on line 12.
 1 SYSTEMPATH\CodeIgniter.php(927): App\Controllers\Actividad->index()
 2 SYSTEMPATH\CodeIgniter.php(482): CodeIgniter\CodeIgniter->runController(Object(App\Controllers\Actividad))
 3 SYSTEMPATH\CodeIgniter.php(351): CodeIgniter\CodeIgniter->handleRequest(null, Object(Config\Cache), false)
 4 FCPATH\index.php(67): CodeIgniter\CodeIgniter->run()
CRITICAL - 2022-11-06 16:31:49 --> Call to a member function findAll() on null
in APPPATH\Controllers\Actividad.php on line 12.
 1 SYSTEMPATH\CodeIgniter.php(927): App\Controllers\Actividad->index()
 2 SYSTEMPATH\CodeIgniter.php(482): CodeIgniter\CodeIgniter->runController(Object(App\Controllers\Actividad))
 3 SYSTEMPATH\CodeIgniter.php(351): CodeIgniter\CodeIgniter->handleRequest(null, Object(Config\Cache), false)
 4 FCPATH\index.php(67): CodeIgniter\CodeIgniter->run()
CRITICAL - 2022-11-06 16:31:50 --> Call to a member function findAll() on null
in APPPATH\Controllers\Actividad.php on line 12.
 1 SYSTEMPATH\CodeIgniter.php(927): App\Controllers\Actividad->index()
 2 SYSTEMPATH\CodeIgniter.php(482): CodeIgniter\CodeIgniter->runController(Object(App\Controllers\Actividad))
 3 SYSTEMPATH\CodeIgniter.php(351): CodeIgniter\CodeIgniter->handleRequest(null, Object(Config\Cache), false)
 4 FCPATH\index.php(67): CodeIgniter\CodeIgniter->run()
