CRITICAL - 2022-11-04 22:37:21 --> Call to a member function findAll() on null
in APPPATH\Controllers\Padre.php on line 15.
 1 SYSTEMPATH\CodeIgniter.php(927): App\Controllers\Padre->index()
 2 SYSTEMPATH\CodeIgniter.php(482): CodeIgniter\CodeIgniter->runController(Object(App\Controllers\Padre))
 3 SYSTEMPATH\CodeIgniter.php(351): CodeIgniter\CodeIgniter->handleRequest(null, Object(Config\Cache), false)
 4 FCPATH\index.php(67): CodeIgniter\CodeIgniter->run()
CRITICAL - 2022-11-04 22:38:53 --> Call to a member function findAll() on null
in APPPATH\Controllers\Padre.php on line 16.
 1 SYSTEMPATH\CodeIgniter.php(927): App\Controllers\Padre->index()
 2 SYSTEMPATH\CodeIgniter.php(482): CodeIgniter\CodeIgniter->runController(Object(App\Controllers\Padre))
 3 SYSTEMPATH\CodeIgniter.php(351): CodeIgniter\CodeIgniter->handleRequest(null, Object(Config\Cache), false)
 4 FCPATH\index.php(67): CodeIgniter\CodeIgniter->run()
CRITICAL - 2022-11-04 22:40:24 --> Call to a member function findAll() on null
in APPPATH\Controllers\Padre.php on line 16.
 1 SYSTEMPATH\CodeIgniter.php(927): App\Controllers\Padre->index()
 2 SYSTEMPATH\CodeIgniter.php(482): CodeIgniter\CodeIgniter->runController(Object(App\Controllers\Padre))
 3 SYSTEMPATH\CodeIgniter.php(351): CodeIgniter\CodeIgniter->handleRequest(null, Object(Config\Cache), false)
 4 FCPATH\index.php(67): CodeIgniter\CodeIgniter->run()
CRITICAL - 2022-11-04 22:40:31 --> Call to a member function findAll() on null
in APPPATH\Controllers\Padre.php on line 16.
 1 SYSTEMPATH\CodeIgniter.php(927): App\Controllers\Padre->index()
 2 SYSTEMPATH\CodeIgniter.php(482): CodeIgniter\CodeIgniter->runController(Object(App\Controllers\Padre))
 3 SYSTEMPATH\CodeIgniter.php(351): CodeIgniter\CodeIgniter->handleRequest(null, Object(Config\Cache), false)
 4 FCPATH\index.php(67): CodeIgniter\CodeIgniter->run()
CRITICAL - 2022-11-04 22:41:24 --> Call to a member function findAll() on null
in APPPATH\Controllers\Padre.php on line 15.
 1 SYSTEMPATH\CodeIgniter.php(927): App\Controllers\Padre->index()
 2 SYSTEMPATH\CodeIgniter.php(482): CodeIgniter\CodeIgniter->runController(Object(App\Controllers\Padre))
 3 SYSTEMPATH\CodeIgniter.php(351): CodeIgniter\CodeIgniter->handleRequest(null, Object(Config\Cache), false)
 4 FCPATH\index.php(67): CodeIgniter\CodeIgniter->run()
CRITICAL - 2022-11-04 22:41:25 --> Call to a member function findAll() on null
in APPPATH\Controllers\Padre.php on line 15.
 1 SYSTEMPATH\CodeIgniter.php(927): App\Controllers\Padre->index()
 2 SYSTEMPATH\CodeIgniter.php(482): CodeIgniter\CodeIgniter->runController(Object(App\Controllers\Padre))
 3 SYSTEMPATH\CodeIgniter.php(351): CodeIgniter\CodeIgniter->handleRequest(null, Object(Config\Cache), false)
 4 FCPATH\index.php(67): CodeIgniter\CodeIgniter->run()
CRITICAL - 2022-11-04 22:43:15 --> Call to a member function findAll() on null
in APPPATH\Controllers\Padre.php on line 15.
 1 SYSTEMPATH\CodeIgniter.php(927): App\Controllers\Padre->index()
 2 SYSTEMPATH\CodeIgniter.php(482): CodeIgniter\CodeIgniter->runController(Object(App\Controllers\Padre))
 3 SYSTEMPATH\CodeIgniter.php(351): CodeIgniter\CodeIgniter->handleRequest(null, Object(Config\Cache), false)
 4 FCPATH\index.php(67): CodeIgniter\CodeIgniter->run()
CRITICAL - 2022-11-04 22:52:15 --> Call to a member function findAll() on null
in APPPATH\Controllers\Padre.php on line 15.
 1 SYSTEMPATH\CodeIgniter.php(927): App\Controllers\Padre->index()
 2 SYSTEMPATH\CodeIgniter.php(482): CodeIgniter\CodeIgniter->runController(Object(App\Controllers\Padre))
 3 SYSTEMPATH\CodeIgniter.php(351): CodeIgniter\CodeIgniter->handleRequest(null, Object(Config\Cache), false)
 4 FCPATH\index.php(67): CodeIgniter\CodeIgniter->run()
CRITICAL - 2022-11-04 22:52:16 --> Call to a member function findAll() on null
in APPPATH\Controllers\Padre.php on line 15.
 1 SYSTEMPATH\CodeIgniter.php(927): App\Controllers\Padre->index()
 2 SYSTEMPATH\CodeIgniter.php(482): CodeIgniter\CodeIgniter->runController(Object(App\Controllers\Padre))
 3 SYSTEMPATH\CodeIgniter.php(351): CodeIgniter\CodeIgniter->handleRequest(null, Object(Config\Cache), false)
 4 FCPATH\index.php(67): CodeIgniter\CodeIgniter->run()
CRITICAL - 2022-11-04 22:54:14 --> Call to a member function find() on null
in APPPATH\Controllers\Padre.php on line 35.
 1 SYSTEMPATH\CodeIgniter.php(927): App\Controllers\Padre->show('12')
 2 SYSTEMPATH\CodeIgniter.php(482): CodeIgniter\CodeIgniter->runController(Object(App\Controllers\Padre))
 3 SYSTEMPATH\CodeIgniter.php(351): CodeIgniter\CodeIgniter->handleRequest(null, Object(Config\Cache), false)
 4 FCPATH\index.php(67): CodeIgniter\CodeIgniter->run()
CRITICAL - 2022-11-04 22:59:32 --> Call to a member function find() on null
in APPPATH\Controllers\Padre.php on line 35.
 1 SYSTEMPATH\CodeIgniter.php(927): App\Controllers\Padre->show('12')
 2 SYSTEMPATH\CodeIgniter.php(482): CodeIgniter\CodeIgniter->runController(Object(App\Controllers\Padre))
 3 SYSTEMPATH\CodeIgniter.php(351): CodeIgniter\CodeIgniter->handleRequest(null, Object(Config\Cache), false)
 4 FCPATH\index.php(67): CodeIgniter\CodeIgniter->run()
CRITICAL - 2022-11-04 22:59:33 --> Call to a member function find() on null
in APPPATH\Controllers\Padre.php on line 35.
 1 SYSTEMPATH\CodeIgniter.php(927): App\Controllers\Padre->show('12')
 2 SYSTEMPATH\CodeIgniter.php(482): CodeIgniter\CodeIgniter->runController(Object(App\Controllers\Padre))
 3 SYSTEMPATH\CodeIgniter.php(351): CodeIgniter\CodeIgniter->handleRequest(null, Object(Config\Cache), false)
 4 FCPATH\index.php(67): CodeIgniter\CodeIgniter->run()
CRITICAL - 2022-11-04 23:01:54 --> Call to a member function findAll() on null
in APPPATH\Controllers\Padre.php on line 16.
 1 SYSTEMPATH\CodeIgniter.php(927): App\Controllers\Padre->index()
 2 SYSTEMPATH\CodeIgniter.php(482): CodeIgniter\CodeIgniter->runController(Object(App\Controllers\Padre))
 3 SYSTEMPATH\CodeIgniter.php(351): CodeIgniter\CodeIgniter->handleRequest(null, Object(Config\Cache), false)
 4 FCPATH\index.php(67): CodeIgniter\CodeIgniter->run()
CRITICAL - 2022-11-04 23:03:52 --> Call to a member function findAll() on null
in APPPATH\Controllers\Padre.php on line 16.
 1 SYSTEMPATH\CodeIgniter.php(927): App\Controllers\Padre->index()
 2 SYSTEMPATH\CodeIgniter.php(482): CodeIgniter\CodeIgniter->runController(Object(App\Controllers\Padre))
 3 SYSTEMPATH\CodeIgniter.php(351): CodeIgniter\CodeIgniter->handleRequest(null, Object(Config\Cache), false)
 4 FCPATH\index.php(67): CodeIgniter\CodeIgniter->run()
CRITICAL - 2022-11-04 23:07:29 --> Call to a member function findAll() on null
in APPPATH\Controllers\Padre.php on line 16.
 1 SYSTEMPATH\CodeIgniter.php(927): App\Controllers\Padre->index()
 2 SYSTEMPATH\CodeIgniter.php(482): CodeIgniter\CodeIgniter->runController(Object(App\Controllers\Padre))
 3 SYSTEMPATH\CodeIgniter.php(351): CodeIgniter\CodeIgniter->handleRequest(null, Object(Config\Cache), false)
 4 FCPATH\index.php(67): CodeIgniter\CodeIgniter->run()
CRITICAL - 2022-11-04 23:07:32 --> Call to a member function findAll() on null
in APPPATH\Controllers\Padre.php on line 16.
 1 SYSTEMPATH\CodeIgniter.php(927): App\Controllers\Padre->index()
 2 SYSTEMPATH\CodeIgniter.php(482): CodeIgniter\CodeIgniter->runController(Object(App\Controllers\Padre))
 3 SYSTEMPATH\CodeIgniter.php(351): CodeIgniter\CodeIgniter->handleRequest(null, Object(Config\Cache), false)
 4 FCPATH\index.php(67): CodeIgniter\CodeIgniter->run()
CRITICAL - 2022-11-04 23:12:50 --> Call to a member function findAll() on null
in APPPATH\Controllers\Padre.php on line 15.
 1 SYSTEMPATH\CodeIgniter.php(927): App\Controllers\Padre->index()
 2 SYSTEMPATH\CodeIgniter.php(482): CodeIgniter\CodeIgniter->runController(Object(App\Controllers\Padre))
 3 SYSTEMPATH\CodeIgniter.php(351): CodeIgniter\CodeIgniter->handleRequest(null, Object(Config\Cache), false)
 4 FCPATH\index.php(67): CodeIgniter\CodeIgniter->run()
CRITICAL - 2022-11-04 23:12:51 --> Call to a member function findAll() on null
in APPPATH\Controllers\Padre.php on line 15.
 1 SYSTEMPATH\CodeIgniter.php(927): App\Controllers\Padre->index()
 2 SYSTEMPATH\CodeIgniter.php(482): CodeIgniter\CodeIgniter->runController(Object(App\Controllers\Padre))
 3 SYSTEMPATH\CodeIgniter.php(351): CodeIgniter\CodeIgniter->handleRequest(null, Object(Config\Cache), false)
 4 FCPATH\index.php(67): CodeIgniter\CodeIgniter->run()
CRITICAL - 2022-11-04 23:13:01 --> Call to a member function findAll() on null
in APPPATH\Controllers\Padre.php on line 15.
 1 SYSTEMPATH\CodeIgniter.php(927): App\Controllers\Padre->index()
 2 SYSTEMPATH\CodeIgniter.php(482): CodeIgniter\CodeIgniter->runController(Object(App\Controllers\Padre))
 3 SYSTEMPATH\CodeIgniter.php(351): CodeIgniter\CodeIgniter->handleRequest(null, Object(Config\Cache), false)
 4 FCPATH\index.php(67): CodeIgniter\CodeIgniter->run()
CRITICAL - 2022-11-04 23:13:02 --> Call to a member function findAll() on null
in APPPATH\Controllers\Padre.php on line 15.
 1 SYSTEMPATH\CodeIgniter.php(927): App\Controllers\Padre->index()
 2 SYSTEMPATH\CodeIgniter.php(482): CodeIgniter\CodeIgniter->runController(Object(App\Controllers\Padre))
 3 SYSTEMPATH\CodeIgniter.php(351): CodeIgniter\CodeIgniter->handleRequest(null, Object(Config\Cache), false)
 4 FCPATH\index.php(67): CodeIgniter\CodeIgniter->run()
CRITICAL - 2022-11-04 23:13:03 --> Call to a member function findAll() on null
in APPPATH\Controllers\Padre.php on line 15.
 1 SYSTEMPATH\CodeIgniter.php(927): App\Controllers\Padre->index()
 2 SYSTEMPATH\CodeIgniter.php(482): CodeIgniter\CodeIgniter->runController(Object(App\Controllers\Padre))
 3 SYSTEMPATH\CodeIgniter.php(351): CodeIgniter\CodeIgniter->handleRequest(null, Object(Config\Cache), false)
 4 FCPATH\index.php(67): CodeIgniter\CodeIgniter->run()
CRITICAL - 2022-11-04 23:36:38 --> Undefined index: edad
in APPPATH\Controllers\Padre.php on line 21.
 1 APPPATH\Controllers\Padre.php(21): CodeIgniter\Debug\Exceptions->errorHandler(8, 'Undefined index: edad', 'APPPATH\\Controllers\\Padre.php', 21, [...])
 2 SYSTEMPATH\CodeIgniter.php(927): App\Controllers\Padre->index()
 3 SYSTEMPATH\CodeIgniter.php(482): CodeIgniter\CodeIgniter->runController(Object(App\Controllers\Padre))
 4 SYSTEMPATH\CodeIgniter.php(351): CodeIgniter\CodeIgniter->handleRequest(null, Object(Config\Cache), false)
 5 FCPATH\index.php(67): CodeIgniter\CodeIgniter->run()
